<?xml version="1.0" encoding="UTF-8"?>
<!-- Generated by org.testng.reporters.JUnitXMLReporter -->
<testsuite hostname="LAPTOP-RVFFG2S9" ignored="0" name="Test" tests="2" failures="0" timestamp="27 Nov 2019 06:57:14 GMT" time="0.113" errors="0">
  <testcase name="@BeforeClass config" time="0.002" classname="test.TestTwo">
    <failure type="java.lang.NoClassDefFoundError" message="methodLibrary/OnlineToursPageLib">
      <![CDATA[java.lang.NoClassDefFoundError: methodLibrary/OnlineToursPageLib
at test.TestTwo.config(TestTwo.java:25)
Caused by: java.lang.ClassNotFoundException: methodLibrary.OnlineToursPageLib
at java.net.URLClassLoader.findClass(URLClassLoader.java:382)
at java.lang.ClassLoader.loadClass(ClassLoader.java:418)
at sun.misc.Launcher$AppClassLoader.loadClass(Launcher.java:355)
at java.lang.ClassLoader.loadClass(ClassLoader.java:351)
... 27 more
... Removed 26 stack frames]]>
    </failure>
  </testcase> <!-- @BeforeClass config -->
  <testcase name="@BeforeMethod navigateToApplication" time="0.0" classname="test.TestTwo">
    <skipped/>
  </testcase> <!-- @BeforeMethod navigateToApplication -->
  <testcase name="@BeforeMethod navigateToApplication" time="0.0" classname="test.TestTwo">
    <skipped/>
  </testcase> <!-- @BeforeMethod navigateToApplication -->
  <testcase name="@AfterClass afterClass" time="0.0" classname="test.TestTwo">
    <skipped/>
  </testcase> <!-- @AfterClass afterClass -->
  <testcase name="bookTicket" time="0.0" classname="test.TestOne">
    <skipped/>
  </testcase> <!-- bookTicket -->
  <testcase name="validateCredentialsOfUser" time="0.0" classname="test.TestOne">
    <skipped/>
  </testcase> <!-- validateCredentialsOfUser -->
</testsuite> <!-- Test -->
